<?xml version="1.0" encoding="UTF-8"?>
<!-- Generated by org.testng.reporters.JUnitReportReporter -->
<testsuite skipped="0" hostname="LAPTOP-C2JGBICR" name="com.suite1.Shopping.Flipkart" tests="2" failures="0" timestamp="07 Feb 2019 02:47:17 GMT" time="0.018" errors="0">
  <testcase name="firstMethod1" time="0.009" classname="com.suite1.Shopping.Flipkart"/>
  <testcase name="firstMethod" time="0.009" classname="com.suite1.Shopping.Flipkart"/>
</testsuite> <!-- com.suite1.Shopping.Flipkart -->
