<?xml version="1.0" encoding="UTF-8"?>
<!-- Generated by org.testng.reporters.JUnitReportReporter -->
<testsuite skipped="0" hostname="LAPTOP-C2JGBICR" name="com.suite2.shopping.Snapdeal" tests="1" failures="0" timestamp="07 Feb 2019 02:26:45 GMT" time="0.001" errors="0">
  <testcase name="secondMethod" time="0.001" classname="com.suite2.shopping.Snapdeal"/>
</testsuite> <!-- com.suite2.shopping.Snapdeal -->
